<?xml version="1.0" encoding="UTF-8"?>
<testng-results total="1" passed="1" failed="0" skipped="0">
  <reporter-output>
  </reporter-output>
  <suite started-at="2025-02-28T19:15:01Z" name="TestSuite" finished-at="2025-02-28T19:15:06Z" duration-ms="4905">
    <groups>
    </groups>
    <test started-at="2025-02-28T19:15:01Z" name="TestCases" finished-at="2025-02-28T19:15:06Z" duration-ms="4905">
      <class name="com.example.testing.ExampleTest">
        <test-method is-config="true" signature="setup()[pri:0, instance:com.example.testing.ExampleTest@3ee0fea4]" started-at="2025-03-01T00:45:01Z" name="setup" finished-at="2025-03-01T00:45:04Z" duration-ms="3071" status="PASS">
          <reporter-output>
          </reporter-output>
        </test-method> <!-- setup -->
        <test-method signature="openGoogle()[pri:0, instance:com.example.testing.ExampleTest@3ee0fea4]" started-at="2025-03-01T00:45:04Z" name="openGoogle" finished-at="2025-03-01T00:45:05Z" duration-ms="1567" status="PASS">
          <reporter-output>
          </reporter-output>
        </test-method> <!-- openGoogle -->
        <test-method is-config="true" signature="tearDown()[pri:0, instance:com.example.testing.ExampleTest@3ee0fea4]" started-at="2025-03-01T00:45:05Z" name="tearDown" finished-at="2025-03-01T00:45:06Z" duration-ms="249" status="PASS">
          <reporter-output>
          </reporter-output>
        </test-method> <!-- tearDown -->
      </class> <!-- com.example.testing.ExampleTest -->
    </test> <!-- TestCases -->
  </suite> <!-- TestSuite -->
</testng-results>
