<?xml version="1.0" encoding="UTF-8"?>
<testng-results ignored="0" total="2" passed="2" failed="0" skipped="0">
  <reporter-output>
  </reporter-output>
  <suite started-at="2025-03-01T00:55:34 IST" name="Default suite" finished-at="2025-03-01T00:55:42 IST" duration-ms="7623">
    <groups>
    </groups>
    <test started-at="2025-03-01T00:55:34 IST" name="Default test" finished-at="2025-03-01T00:55:42 IST" duration-ms="7623">
      <class name="com.example.testing.ExampleTest">
        <test-method is-config="true" signature="setup()[pri:0, instance:com.example.testing.ExampleTest@38c6f217]" started-at="2025-03-01T00:55:34 IST" name="setup" finished-at="2025-03-01T00:55:37 IST" duration-ms="2831" status="PASS">
          <reporter-output>
          </reporter-output>
        </test-method> <!-- setup -->
        <test-method signature="openGoogle()[pri:0, instance:com.example.testing.ExampleTest@38c6f217]" started-at="2025-03-01T00:55:37 IST" name="openGoogle" finished-at="2025-03-01T00:55:39 IST" duration-ms="2066" status="PASS">
          <reporter-output>
          </reporter-output>
        </test-method> <!-- openGoogle -->
        <test-method signature="search()[pri:0, instance:com.example.testing.ExampleTest@38c6f217]" started-at="2025-03-01T00:55:39 IST" name="search" finished-at="2025-03-01T00:55:42 IST" duration-ms="2405" status="PASS">
          <reporter-output>
          </reporter-output>
        </test-method> <!-- search -->
        <test-method is-config="true" signature="tearDown()[pri:0, instance:com.example.testing.ExampleTest@38c6f217]" started-at="2025-03-01T00:55:42 IST" name="tearDown" finished-at="2025-03-01T00:55:42 IST" duration-ms="234" status="PASS">
          <reporter-output>
          </reporter-output>
        </test-method> <!-- tearDown -->
      </class> <!-- com.example.testing.ExampleTest -->
    </test> <!-- Default test -->
  </suite> <!-- Default suite -->
</testng-results>
