<?xml version="1.0" encoding="UTF-8"?>
<testng-results ignored="0" total="1" passed="1" failed="0" skipped="0">
  <reporter-output>
  </reporter-output>
  <suite started-at="2025-02-28T23:01:23 IST" name="TestSuite" finished-at="2025-02-28T23:01:28 IST" duration-ms="5615">
    <groups>
    </groups>
    <test started-at="2025-02-28T23:01:23 IST" name="TestCases" finished-at="2025-02-28T23:01:28 IST" duration-ms="5615">
      <class name="com.example.testing.ExampleTest">
        <test-method is-config="true" signature="setup()[pri:0, instance:com.example.testing.ExampleTest@49ec71f8]" started-at="2025-02-28T23:01:23 IST" name="setup" finished-at="2025-02-28T23:01:26 IST" duration-ms="3434" status="PASS">
          <reporter-output>
          </reporter-output>
        </test-method> <!-- setup -->
        <test-method signature="openGoogle()[pri:0, instance:com.example.testing.ExampleTest@49ec71f8]" started-at="2025-02-28T23:01:26 IST" name="openGoogle" finished-at="2025-02-28T23:01:28 IST" duration-ms="1838" status="PASS">
          <reporter-output>
          </reporter-output>
        </test-method> <!-- openGoogle -->
        <test-method is-config="true" signature="tearDown()[pri:0, instance:com.example.testing.ExampleTest@49ec71f8]" started-at="2025-02-28T23:01:28 IST" name="tearDown" finished-at="2025-02-28T23:01:28 IST" duration-ms="266" status="PASS">
          <reporter-output>
          </reporter-output>
        </test-method> <!-- tearDown -->
      </class> <!-- com.example.testing.ExampleTest -->
    </test> <!-- TestCases -->
  </suite> <!-- TestSuite -->
</testng-results>
