<?xml version="1.0" encoding="UTF-8"?>
<testng-results ignored="0" total="1" passed="1" failed="0" skipped="0">
  <reporter-output>
  </reporter-output>
  <suite started-at="2025-03-01T00:44:42 IST" name="Default suite" finished-at="2025-03-01T00:44:47 IST" duration-ms="5643">
    <groups>
    </groups>
    <test started-at="2025-03-01T00:44:42 IST" name="Default test" finished-at="2025-03-01T00:44:47 IST" duration-ms="5643">
      <class name="com.example.testing.ExampleTest">
        <test-method is-config="true" signature="setup()[pri:0, instance:com.example.testing.ExampleTest@399f45b1]" started-at="2025-03-01T00:44:42 IST" name="setup" finished-at="2025-03-01T00:44:45 IST" duration-ms="3143" status="PASS">
          <reporter-output>
          </reporter-output>
        </test-method> <!-- setup -->
        <test-method signature="openGoogle()[pri:0, instance:com.example.testing.ExampleTest@399f45b1]" started-at="2025-03-01T00:44:45 IST" name="openGoogle" finished-at="2025-03-01T00:44:47 IST" duration-ms="2109" status="PASS">
          <reporter-output>
          </reporter-output>
        </test-method> <!-- openGoogle -->
        <test-method is-config="true" signature="tearDown()[pri:0, instance:com.example.testing.ExampleTest@399f45b1]" started-at="2025-03-01T00:44:47 IST" name="tearDown" finished-at="2025-03-01T00:44:47 IST" duration-ms="304" status="PASS">
          <reporter-output>
          </reporter-output>
        </test-method> <!-- tearDown -->
      </class> <!-- com.example.testing.ExampleTest -->
    </test> <!-- Default test -->
  </suite> <!-- Default suite -->
</testng-results>
