<?xml version="1.0" encoding="UTF-8"?>
<!-- Generated by org.testng.reporters.JUnitXMLReporter -->
<testsuite ignored="0" hostname="RohithRock" failures="0" tests="4" name="TestCases" time="11.288" errors="0" timestamp="2025-03-01T13:46:43 IST">
  <testcase classname="com.example.testing.ExampleTest" name="invalidLogin" time="1.379"/>
  <testcase classname="com.example.testing.ExampleTest" name="openGoogle" time="1.703"/>
  <testcase classname="com.example.testing.ExampleTest" name="search" time="4.161"/>
  <testcase classname="com.example.testing.ExampleTest" name="checkLogin" time="0.919"/>
</testsuite> <!-- TestCases -->
